2025-10-28 16:27:29 [ERROR]: TypeError: Cannot read properties of null (reading 'prepare')
    at getStats (file:///C:/Users/PrajwalVenkatesh/Desktop/automation/src/utils/database.js:318:19)
    at AutomationApp.healthCheck (file:///C:/Users/PrajwalVenkatesh/Desktop/automation/src/index.js:67:21)
    at AutomationApp.start (file:///C:/Users/PrajwalVenkatesh/Desktop/automation/src/index.js:139:18)
    at file:///C:/Users/PrajwalVenkatesh/Desktop/automation/src/index.js:198:5
    at ModuleJob.run (node:internal/modules/esm/module_job:345:25)
    at async onImport.tracePromise.__proto__ (node:internal/modules/esm/loader:651:26)
    at async asyncRunEntryPointWithESMLoader (node:internal/modules/run_main:117:5)
2025-10-28 17:28:47 [ERROR]: Insert business error:
2025-10-28 17:28:47 [ERROR]: Insert business error:
2025-10-28 17:28:47 [ERROR]: Insert business error:
2025-10-28 17:38:40 [ERROR]: Insert business error:
2025-10-28 17:38:40 [ERROR]: Insert business error:
2025-10-28 17:38:40 [ERROR]: Insert business error:
2025-10-28 17:50:48 [ERROR]: Insert business error:
2025-10-28 17:50:48 [ERROR]: Insert business error:
2025-10-28 17:50:48 [ERROR]: Insert business error:
2025-10-28 18:00:00 [ERROR]: TypeError: Cannot read properties of null (reading 'prepare')
    at SheetsManager.syncLeads (file:///C:/Users/PrajwalVenkatesh/Desktop/automation/src/integrations/sheetsManager.js:58:23)
    at SheetsManager.fullSync (file:///C:/Users/PrajwalVenkatesh/Desktop/automation/src/integrations/sheetsManager.js:168:16)
    at AutomationApp.runSheetsSync (file:///C:/Users/PrajwalVenkatesh/Desktop/automation/src/index.js:59:32)
    at cron.schedule.timezone [as _execution] (file:///C:/Users/PrajwalVenkatesh/Desktop/automation/src/index.js:113:18)
    at Task.execute (C:\Users\PrajwalVenkatesh\Desktop\automation\node_modules\node-cron\src\task.js:17:25)
    at ScheduledTask.now (C:\Users\PrajwalVenkatesh\Desktop\automation\node_modules\node-cron\src\scheduled-task.js:38:33)
    at Scheduler.<anonymous> (C:\Users\PrajwalVenkatesh\Desktop\automation\node_modules\node-cron\src\scheduled-task.js:25:18)
    at Scheduler.emit (node:events:519:28)
    at Timeout.matchTime [as _onTimeout] (C:\Users\PrajwalVenkatesh\Desktop\automation\node_modules\node-cron\src\scheduler.js:30:26)
    at listOnTimeout (node:internal/timers:588:17)
2025-10-28 18:00:00 [ERROR]: TypeError: Cannot read properties of null (reading 'prepare')
    at SheetsManager.syncMetrics (file:///C:/Users/PrajwalVenkatesh/Desktop/automation/src/integrations/sheetsManager.js:123:23)
    at SheetsManager.fullSync (file:///C:/Users/PrajwalVenkatesh/Desktop/automation/src/integrations/sheetsManager.js:169:16)
    at processTicksAndRejections (node:internal/process/task_queues:105:5)
    at runNextTicks (node:internal/process/task_queues:69:3)
    at listOnTimeout (node:internal/timers:549:9)
    at process.processTimers (node:internal/timers:523:7)
    at async AutomationApp.runSheetsSync (file:///C:/Users/PrajwalVenkatesh/Desktop/automation/src/index.js:59:7)
    at async cron.schedule.timezone [as _execution] (file:///C:/Users/PrajwalVenkatesh/Desktop/automation/src/index.js:113:7)
2025-10-28 18:01:26 [ERROR]: Insert business error:
2025-10-28 18:01:26 [ERROR]: Insert business error:
2025-10-28 18:01:26 [ERROR]: Insert business error:
2025-10-28 18:01:26 [ERROR]: Insert business error:
2025-10-28 18:01:26 [ERROR]: Insert business error:
2025-10-28 18:01:26 [ERROR]: Insert business error:
2025-10-28 18:01:26 [ERROR]: Insert business error:
2025-10-28 18:01:26 [ERROR]: Insert business error:
2025-10-28 18:01:26 [ERROR]: Insert business error:
2025-10-28 18:01:26 [ERROR]: Insert business error:
2025-10-28 18:51:27 [ERROR]: Insert business error:
2025-10-28 18:51:27 [ERROR]: Insert business error:
2025-10-28 18:51:27 [ERROR]: Insert business error:
2025-10-28 18:51:27 [ERROR]: Insert business error:
2025-10-28 18:51:27 [ERROR]: Insert business error:
2025-10-28 18:51:27 [ERROR]: Insert business error:
2025-10-28 18:51:27 [ERROR]: Insert business error:
2025-10-28 18:51:27 [ERROR]: Insert business error:
2025-10-28 18:51:27 [ERROR]: Insert business error:
2025-10-28 18:51:27 [ERROR]: Insert business error:
2025-10-28 19:23:52 [ERROR]: TargetCloseError: Protocol error (Input.dispatchMouseEvent): Session closed. Most likely the page has been closed.
    at CdpCDPSession.send (C:\Users\PrajwalVenkatesh\Desktop\automation\node_modules\puppeteer-core\lib\cjs\puppeteer\cdp\CDPSession.js:64:35)
    at C:\Users\PrajwalVenkatesh\Desktop\automation\node_modules\puppeteer-core\lib\cjs\puppeteer\cdp\Input.js:277:37
    at #withTransaction (C:\Users\PrajwalVenkatesh\Desktop\automation\node_modules\puppeteer-core\lib\cjs\puppeteer\cdp\Input.js:238:19)
    at CdpMouse.move (C:\Users\PrajwalVenkatesh\Desktop\automation\node_modules\puppeteer-core\lib\cjs\puppeteer\cdp\Input.js:269:40)
    at GoogleMapsScraper.searchBusinesses (file:///C:/Users/PrajwalVenkatesh/Desktop/automation/src/scrapers/googleMapsScraper.js:153:29)
    at async GoogleMapsScraper.scrape (file:///C:/Users/PrajwalVenkatesh/Desktop/automation/src/scrapers/googleMapsScraper.js:442:7)
    at async DashboardServer.runScraping (file:///C:/Users/PrajwalVenkatesh/Desktop/automation/src/server/dashboardServer.js:196:20)
2025-10-28 19:23:52 [ERROR]: TargetCloseError: Protocol error (Input.dispatchMouseEvent): Session closed. Most likely the page has been closed.
    at CdpCDPSession.send (C:\Users\PrajwalVenkatesh\Desktop\automation\node_modules\puppeteer-core\lib\cjs\puppeteer\cdp\CDPSession.js:64:35)
    at C:\Users\PrajwalVenkatesh\Desktop\automation\node_modules\puppeteer-core\lib\cjs\puppeteer\cdp\Input.js:277:37
    at #withTransaction (C:\Users\PrajwalVenkatesh\Desktop\automation\node_modules\puppeteer-core\lib\cjs\puppeteer\cdp\Input.js:238:19)
    at CdpMouse.move (C:\Users\PrajwalVenkatesh\Desktop\automation\node_modules\puppeteer-core\lib\cjs\puppeteer\cdp\Input.js:269:40)
    at GoogleMapsScraper.searchBusinesses (file:///C:/Users/PrajwalVenkatesh/Desktop/automation/src/scrapers/googleMapsScraper.js:153:29)
    at async GoogleMapsScraper.scrape (file:///C:/Users/PrajwalVenkatesh/Desktop/automation/src/scrapers/googleMapsScraper.js:442:7)
    at async DashboardServer.runScraping (file:///C:/Users/PrajwalVenkatesh/Desktop/automation/src/server/dashboardServer.js:196:20)
2025-10-28 19:23:52 [ERROR]: TargetCloseError: Protocol error (Input.dispatchMouseEvent): Session closed. Most likely the page has been closed.
    at CdpCDPSession.send (C:\Users\PrajwalVenkatesh\Desktop\automation\node_modules\puppeteer-core\lib\cjs\puppeteer\cdp\CDPSession.js:64:35)
    at C:\Users\PrajwalVenkatesh\Desktop\automation\node_modules\puppeteer-core\lib\cjs\puppeteer\cdp\Input.js:277:37
    at #withTransaction (C:\Users\PrajwalVenkatesh\Desktop\automation\node_modules\puppeteer-core\lib\cjs\puppeteer\cdp\Input.js:238:19)
    at CdpMouse.move (C:\Users\PrajwalVenkatesh\Desktop\automation\node_modules\puppeteer-core\lib\cjs\puppeteer\cdp\Input.js:269:40)
    at GoogleMapsScraper.searchBusinesses (file:///C:/Users/PrajwalVenkatesh/Desktop/automation/src/scrapers/googleMapsScraper.js:153:29)
    at async GoogleMapsScraper.scrape (file:///C:/Users/PrajwalVenkatesh/Desktop/automation/src/scrapers/googleMapsScraper.js:442:7)
    at async DashboardServer.runScraping (file:///C:/Users/PrajwalVenkatesh/Desktop/automation/src/server/dashboardServer.js:196:20)
